{"$message_type":"diagnostic","message":"cannot find type `_Tp` in this scope","code":{"code":"E0412","explanation":"A used type name is not in scope.\n\nErroneous code examples:\n\n```compile_fail,E0412\nimpl Something {} // error: type name `Something` is not in scope\n\n// or:\n\ntrait Foo {\n    fn bar(N); // error: type name `N` is not in scope\n}\n\n// or:\n\nfn foo(x: T) {} // type name `T` is not in scope\n```\n\nTo fix this error, please verify you didn't misspell the type name, you did\ndeclare it or imported it into the scope. Examples:\n\n```\nstruct Something;\n\nimpl Something {} // ok!\n\n// or:\n\ntrait Foo {\n    type N;\n\n    fn bar(_: Self::N); // ok!\n}\n\n// or:\n\nfn foo<T>(x: T) {} // ok!\n```\n\nAnother case that causes this error is when a type is imported into a parent\nmodule. To fix this, you can follow the suggestion and use File directly or\n`use super::File;` which will import the types from the parent namespace. An\nexample that causes this error is below:\n\n```compile_fail,E0412\nuse std::fs::File;\n\nmod foo {\n    fn some_function(f: File) {}\n}\n```\n\n```\nuse std::fs::File;\n\nmod foo {\n    // either\n    use super::File;\n    // or\n    // use std::fs::File;\n    fn foo(f: File) {}\n}\n# fn main() {} // don't insert it for us; that'll break imports\n```\n"},"level":"error","spans":[{"file_name":"/root/repo/target/debug/build/opensubdiv-petite-sys-94eeb44b6ce262ab/out/bindings.rs","byte_start":160285,"byte_end":160288,"line_start":3656,"line_end":3656,"column_start":22,"column_end":25,"is_primary":true,"text":[{"text":"    pub _weights: u8<_Tp, _Alloc>,","highlight_start":22,"highlight_end":25}],"label":"not found in this scope","suggested_replacement":null,"suggestion_applicability":null,"expansion":null}],"children":[{"message":"you might be missing a type parameter","code":null,"level":"help","spans":[{"file_name":"/root/repo/target/debug/build/opensubdiv-petite-sys-94eeb44b6ce262ab/out/bindings.rs","byte_start":160032,"byte_end":160032,"line_start":3650,"line_end":3650,"column_start":50,"column_end":50,"is_primary":true,"text":[{"text":"pub struct OpenSubdiv_v3_6_1_Far_StencilTableReal {","highlight_start":50,"highlight_end":50}],"label":null,"suggested_replacement":"<_Tp>","suggestion_applicability":"MaybeIncorrect","expansion":null}],"children":[],"rendered":null}],"rendered":"\u001b[0m\u001b[1m\u001b[38;5;9merror[E0412]\u001b[0m\u001b[0m\u001b[1m: cannot find type `_Tp` in this scope\u001b[0m\n\u001b[0m    \u001b[0m\u001b[0m\u001b[1m\u001b[38;5;12m--> \u001b[0m\u001b[0m/root/repo/target/debug/build/opensubdiv-petite-sys-94eeb44b6ce262ab/out/bindings.rs:3656:22\u001b[0m\n\u001b[0m     \u001b[0m\u001b[0m\u001b[1m\u001b[38;5;12m|\u001b[0m\n\u001b[0m\u001b[1m\u001b[38;5;12m3656\u001b[0m\u001b[0m \u001b[0m\u001b[0m\u001b[1m\u001b[38;5;12m|\u001b[0m\u001b[0m \u001b[0m\u001b[0m    pub _weights: u8<_Tp, _Alloc>,\u001b[0m\n\u001b[0m     \u001b[0m\u001b[0m\u001b[1m\u001b[38;5;12m|\u001b[0m\u001b[0m                      \u001b[0m\u001b[0m\u001b[1m\u001b[38;5;9m^^^\u001b[0m\u001b[0m \u001b[0m\u001b[0m\u001b[1m\u001b[38;5;9mnot found in this scope\u001b[0m\n\u001b[0m     \u001b[0m\u001b[0m\u001b[1m\u001b[38;5;12m|\u001b[0m\n\u001b[0m\u001b[1m\u001b[38;5;14mhelp\u001b[0m\u001b[0m: you might be missing a type parameter\u001b[0m\n\u001b[0m     \u001b[0m\u001b[0m\u001b[1m\u001b[38;5;12m|\u001b[0m\n\u001b[0m\u001b[1m\u001b[38;5;12m3650\u001b[0m\u001b[0m \u001b[0m\u001b[0m\u001b[1m\u001b[38;5;12m| \u001b[0m\u001b[0mpub struct OpenSubdiv_v3_6_1_Far_StencilTableReal\u001b[0m\u001b[0m\u001b[38;5;10m<_Tp>\u001b[0m\u001b[0m {\u001b[0m\n\u001b[0m     \u001b[0m\u001b[0m\u001b[1m\u001b[38;5;12m|\u001b[0m\u001b[0m                                                  \u001b[0m\u001b[0m\u001b[38;5;10m+++++\u001b[0m\n\n"}
{"$message_type":"diagnostic","message":"cannot find type `_Alloc` in this scope","code":{"code":"E0412","explanation":"A used type name is not in scope.\n\nErroneous code examples:\n\n```compile_fail,E0412\nimpl Something {} // error: type name `Something` is not in scope\n\n// or:\n\ntrait Foo {\n    fn bar(N); // error: type name `N` is not in scope\n}\n\n// or:\n\nfn foo(x: T) {} // type name `T` is not in scope\n```\n\nTo fix this error, please verify you didn't misspell the type name, you did\ndeclare it or imported it into the scope. Examples:\n\n```\nstruct Something;\n\nimpl Something {} // ok!\n\n// or:\n\ntrait Foo {\n    type N;\n\n    fn bar(_: Self::N); // ok!\n}\n\n// or:\n\nfn foo<T>(x: T) {} // ok!\n```\n\nAnother case that causes this error is when a type is imported into a parent\nmodule. To fix this, you can follow the suggestion and use File directly or\n`use super::File;` which will import the types from the parent namespace. An\nexample that causes this error is below:\n\n```compile_fail,E0412\nuse std::fs::File;\n\nmod foo {\n    fn some_function(f: File) {}\n}\n```\n\n```\nuse std::fs::File;\n\nmod foo {\n    // either\n    use super::File;\n    // or\n    // use std::fs::File;\n    fn foo(f: File) {}\n}\n# fn main() {} // don't insert it for us; that'll break imports\n```\n"},"level":"error","spans":[{"file_name":"/root/repo/target/debug/build/opensubdiv-petite-sys-94eeb44b6ce262ab/out/bindings.rs","byte_start":160290,"byte_end":160296,"line_start":3656,"line_end":3656,"column_start":27,"column_end":33,"is_primary":true,"text":[{"text":"    pub _weights: u8<_Tp, _Alloc>,","highlight_start":27,"highlight_end":33}],"label":"not found in this scope","suggested_replacement":null,"suggestion_applicability":null,"expansion":null}],"children":[{"message":"you might be missing a type parameter","code":null,"level":"help","spans":[{"file_name":"/root/repo/target/debug/build/opensubdiv-petite-sys-94eeb44b6ce262ab/out/bindings.rs","byte_start":160032,"byte_end":160032,"line_start":3650,"line_end":3650,"column_start":50,"column_end":50,"is_primary":true,"text":[{"text":"pub struct OpenSubdiv_v3_6_1_Far_StencilTableReal {","highlight_start":50,"highlight_end":50}],"label":null,"suggested_replacement":"<_Alloc>","suggestion_applicability":"MaybeIncorrect","expansion":null}],"children":[],"rendered":null}],"rendered":"\u001b[0m\u001b[1m\u001b[38;5;9merror[E0412]\u001b[0m\u001b[0m\u001b[1m: cannot find type `_Alloc` in this scope\u001b[0m\n\u001b[0m    \u001b[0m\u001b[0m\u001b[1m\u001b[38;5;12m--> \u001b[0m\u001b[0m/root/repo/target/debug/build/opensubdiv-petite-sys-94eeb44b6ce262ab/out/bindings.rs:3656:27\u001b[0m\n\u001b[0m     \u001b[0m\u001b[0m\u001b[1m\u001b[38;5;12m|\u001b[0m\n\u001b[0m\u001b[1m\u001b[38;5;12m3656\u001b[0m\u001b[0m \u001b[0m\u001b[0m\u001b[1m\u001b[38;5;12m|\u001b[0m\u001b[0m \u001b[0m\u001b[0m    pub _weights: u8<_Tp, _Alloc>,\u001b[0m\n\u001b[0m     \u001b[0m\u001b[0m\u001b[1m\u001b[38;5;12m|\u001b[0m\u001b[0m                           \u001b[0m\u001b[0m\u001b[1m\u001b[38;5;9m^^^^^^\u001b[0m\u001b[0m \u001b[0m\u001b[0m\u001b[1m\u001b[38;5;9mnot found in this scope\u001b[0m\n\u001b[0m     \u001b[0m\u001b[0m\u001b[1m\u001b[38;5;12m|\u001b[0m\n\u001b[0m\u001b[1m\u001b[38;5;14mhelp\u001b[0m\u001b[0m: you might be missing a type parameter\u001b[0m\n\u001b[0m     \u001b[0m\u001b[0m\u001b[1m\u001b[38;5;12m|\u001b[0m\n\u001b[0m\u001b[1m\u001b[38;5;12m3650\u001b[0m\u001b[0m \u001b[0m\u001b[0m\u001b[1m\u001b[38;5;12m| \u001b[0m\u001b[0mpub struct OpenSubdiv_v3_6_1_Far_StencilTableReal\u001b[0m\u001b[0m\u001b[38;5;10m<_Alloc>\u001b[0m\u001b[0m {\u001b[0m\n\u001b[0m     \u001b[0m\u001b[0m\u001b[1m\u001b[38;5;12m|\u001b[0m\u001b[0m                                                  \u001b[0m\u001b[0m\u001b[38;5;10m++++++++\u001b[0m\n\n"}
{"$message_type":"diagnostic","message":"cannot find type `_Tp` in this scope","code":{"code":"E0412","explanation":"A used type name is not in scope.\n\nErroneous code examples:\n\n```compile_fail,E0412\nimpl Something {} // error: type name `Something` is not in scope\n\n// or:\n\ntrait Foo {\n    fn bar(N); // error: type name `N` is not in scope\n}\n\n// or:\n\nfn foo(x: T) {} // type name `T` is not in scope\n```\n\nTo fix this error, please verify you didn't misspell the type name, you did\ndeclare it or imported it into the scope. Examples:\n\n```\nstruct Something;\n\nimpl Something {} // ok!\n\n// or:\n\ntrait Foo {\n    type N;\n\n    fn bar(_: Self::N); // ok!\n}\n\n// or:\n\nfn foo<T>(x: T) {} // ok!\n```\n\nAnother case that causes this error is when a type is imported into a parent\nmodule. To fix this, you can follow the suggestion and use File directly or\n`use super::File;` which will import the types from the parent namespace. An\nexample that causes this error is below:\n\n```compile_fail,E0412\nuse std::fs::File;\n\nmod foo {\n    fn some_function(f: File) {}\n}\n```\n\n```\nuse std::fs::File;\n\nmod foo {\n    // either\n    use super::File;\n    // or\n    // use std::fs::File;\n    fn foo(f: File) {}\n}\n# fn main() {} // don't insert it for us; that'll break imports\n```\n"},"level":"error","spans":[{"file_name":"/root/repo/target/debug/build/opensubdiv-petite-sys-94eeb44b6ce262ab/out/bindings.rs","byte_start":162276,"byte_end":162279,"line_start":3690,"line_end":3690,"column_start":24,"column_end":27,"is_primary":true,"text":[{"text":"    pub _duWeights: u8<_Tp, _Alloc>,","highlight_start":24,"highlight_end":27}],"label":"not found in this scope","suggested_replacement":null,"suggestion_applicability":null,"expansion":null}],"children":[{"message":"you might be missing a type parameter","code":null,"level":"help","spans":[{"file_name":"/root/repo/target/debug/build/opensubdiv-petite-sys-94eeb44b6ce262ab/out/bindings.rs","byte_start":162195,"byte_end":162195,"line_start":3688,"line_end":3688,"column_start":55,"column_end":55,"is_primary":true,"text":[{"text":"pub struct OpenSubdiv_v3_6_1_Far_LimitStencilTableReal {","highlight_start":55,"highlight_end":55}],"label":null,"suggested_replacement":"<_Tp>","suggestion_applicability":"MaybeIncorrect","expansion":null}],"children":[],"rendered":null}],"rendered":"\u001b[0m\u001b[1m\u001b[38;5;9merror[E0412]\u001b[0m\u001b[0m\u001b[1m: cannot find type `_Tp` in this scope\u001b[0m\n\u001b[0m    \u001b[0m\u001b[0m\u001b[1m\u001b[38;5;12m--> \u001b[0m\u001b[0m/root/repo/target/debug/build/opensubdiv-petite-sys-94eeb44b6ce262ab/out/bindings.rs:3690:24\u001b[0m\n\u001b[0m     \u001b[0m\u001b[0m\u001b[1m\u001b[38;5;12m|\u001b[0m\n\u001b[0m\u001b[1m\u001b[38;5;12m3690\u001b[0m\u001b[0m \u001b[0m\u001b[0m\u001b[1m\u001b[38;5;12m|\u001b[0m\u001b[0m \u001b[0m\u001b[0m    pub _duWeights: u8<_Tp, _Alloc>,\u001b[0m\n\u001b[0m     \u001b[0m\u001b[0m\u001b[1m\u001b[38;5;12m|\u001b[0m\u001b[0m                        \u001b[0m\u001b[0m\u001b[1m\u001b[38;5;9m^^^\u001b[0m\u001b[0m \u001b[0m\u001b[0m\u001b[1m\u001b[38;5;9mnot found in this scope\u001b[0m\n\u001b[0m     \u001b[0m\u001b[0m\u001b[1m\u001b[38;5;12m|\u001b[0m\n\u001b[0m\u001b[1m\u001b[38;5;14mhelp\u001b[0m\u001b[0m: you might be missing a type parameter\u001b[0m\n\u001b[0m     \u001b[0m\u001b[0m\u001b[1m\u001b[38;5;12m|\u001b[0m\n\u001b[0m\u001b[1m\u001b[38;5;12m3688\u001b[0m\u001b[0m \u001b[0m\u001b[0m\u001b[1m\u001b[38;5;12m| \u001b[0m\u001b[0mpub struct OpenSubdiv_v3_6_1_Far_LimitStencilTableReal\u001b[0m\u001b[0m\u001b[38;5;10m<_Tp>\u001b[0m\u001b[0m {\u001b[0m\n\u001b[0m     \u001b[0m\u001b[0m\u001b[1m\u001b[38;5;12m|\u001b[0m\u001b[0m                                                       \u001b[0m\u001b[0m\u001b[38;5;10m+++++\u001b[0m\n\n"}
{"$message_type":"diagnostic","message":"cannot find type `_Alloc` in this scope","code":{"code":"E0412","explanation":"A used type name is not in scope.\n\nErroneous code examples:\n\n```compile_fail,E0412\nimpl Something {} // error: type name `Something` is not in scope\n\n// or:\n\ntrait Foo {\n    fn bar(N); // error: type name `N` is not in scope\n}\n\n// or:\n\nfn foo(x: T) {} // type name `T` is not in scope\n```\n\nTo fix this error, please verify you didn't misspell the type name, you did\ndeclare it or imported it into the scope. Examples:\n\n```\nstruct Something;\n\nimpl Something {} // ok!\n\n// or:\n\ntrait Foo {\n    type N;\n\n    fn bar(_: Self::N); // ok!\n}\n\n// or:\n\nfn foo<T>(x: T) {} // ok!\n```\n\nAnother case that causes this error is when a type is imported into a parent\nmodule. To fix this, you can follow the suggestion and use File directly or\n`use super::File;` which will import the types from the parent namespace. An\nexample that causes this error is below:\n\n```compile_fail,E0412\nuse std::fs::File;\n\nmod foo {\n    fn some_function(f: File) {}\n}\n```\n\n```\nuse std::fs::File;\n\nmod foo {\n    // either\n    use super::File;\n    // or\n    // use std::fs::File;\n    fn foo(f: File) {}\n}\n# fn main() {} // don't insert it for us; that'll break imports\n```\n"},"level":"error","spans":[{"file_name":"/root/repo/target/debug/build/opensubdiv-petite-sys-94eeb44b6ce262ab/out/bindings.rs","byte_start":162281,"byte_end":162287,"line_start":3690,"line_end":3690,"column_start":29,"column_end":35,"is_primary":true,"text":[{"text":"    pub _duWeights: u8<_Tp, _Alloc>,","highlight_start":29,"highlight_end":35}],"label":"not found in this scope","suggested_replacement":null,"suggestion_applicability":null,"expansion":null}],"children":[{"message":"you might be missing a type parameter","code":null,"level":"help","spans":[{"file_name":"/root/repo/target/debug/build/opensubdiv-petite-sys-94eeb44b6ce262ab/out/bindings.rs","byte_start":162195,"byte_end":162195,"line_start":3688,"line_end":3688,"column_start":55,"column_end":55,"is_primary":true,"text":[{"text":"pub struct OpenSubdiv_v3_6_1_Far_LimitStencilTableReal {","highlight_start":55,"highlight_end":55}],"label":null,"suggested_replacement":"<_Alloc>","suggestion_applicability":"MaybeIncorrect","expansion":null}],"children":[],"rendered":null}],"rendered":"\u001b[0m\u001b[1m\u001b[38;5;9merror[E0412]\u001b[0m\u001b[0m\u001b[1m: cannot find type `_Alloc` in this scope\u001b[0m\n\u001b[0m    \u001b[0m\u001b[0m\u001b[1m\u001b[38;5;12m--> \u001b[0m\u001b[0m/root/repo/target/debug/build/opensubdiv-petite-sys-94eeb44b6ce262ab/out/bindings.rs:3690:29\u001b[0m\n\u001b[0m     \u001b[0m\u001b[0m\u001b[1m\u001b[38;5;12m|\u001b[0m\n\u001b[0m\u001b[1m\u001b[38;5;12m3690\u001b[0m\u001b[0m \u001b[0m\u001b[0m\u001b[1m\u001b[38;5;12m|\u001b[0m\u001b[0m \u001b[0m\u001b[0m    pub _duWeights: u8<_Tp, _Alloc>,\u001b[0m\n\u001b[0m     \u001b[0m\u001b[0m\u001b[1m\u001b[38;5;12m|\u001b[0m\u001b[0m                             \u001b[0m\u001b[0m\u001b[1m\u001b[38;5;9m^^^^^^\u001b[0m\u001b[0m \u001b[0m\u001b[0m\u001b[1m\u001b[38;5;9mnot found in this scope\u001b[0m\n\u001b[0m     \u001b[0m\u001b[0m\u001b[1m\u001b[38;5;12m|\u001b[0m\n\u001b[0m\u001b[1m\u001b[38;5;14mhelp\u001b[0m\u001b[0m: you might be missing a type parameter\u001b[0m\n\u001b[0m     \u001b[0m\u001b[0m\u001b[1m\u001b[38;5;12m|\u001b[0m\n\u001b[0m\u001b[1m\u001b[38;5;12m3688\u001b[0m\u001b[0m \u001b[0m\u001b[0m\u001b[1m\u001b[38;5;12m| \u001b[0m\u001b[0mpub struct OpenSubdiv_v3_6_1_Far_LimitStencilTableReal\u001b[0m\u001b[0m\u001b[38;5;10m<_Alloc>\u001b[0m\u001b[0m {\u001b[0m\n\u001b[0m     \u001b[0m\u001b[0m\u001b[1m\u001b[38;5;12m|\u001b[0m\u001b[0m                                                       \u001b[0m\u001b[0m\u001b[38;5;10m++++++++\u001b[0m\n\n"}
{"$message_type":"diagnostic","message":"cannot find type `_Tp` in this scope","code":{"code":"E0412","explanation":"A used type name is not in scope.\n\nErroneous code examples:\n\n```compile_fail,E0412\nimpl Something {} // error: type name `Something` is not in scope\n\n// or:\n\ntrait Foo {\n    fn bar(N); // error: type name `N` is not in scope\n}\n\n// or:\n\nfn foo(x: T) {} // type name `T` is not in scope\n```\n\nTo fix this error, please verify you didn't misspell the type name, you did\ndeclare it or imported it into the scope. Examples:\n\n```\nstruct Something;\n\nimpl Something {} // ok!\n\n// or:\n\ntrait Foo {\n    type N;\n\n    fn bar(_: Self::N); // ok!\n}\n\n// or:\n\nfn foo<T>(x: T) {} // ok!\n```\n\nAnother case that causes this error is when a type is imported into a parent\nmodule. To fix this, you can follow the suggestion and use File directly or\n`use super::File;` which will import the types from the parent namespace. An\nexample that causes this error is below:\n\n```compile_fail,E0412\nuse std::fs::File;\n\nmod foo {\n    fn some_function(f: File) {}\n}\n```\n\n```\nuse std::fs::File;\n\nmod foo {\n    // either\n    use super::File;\n    // or\n    // use std::fs::File;\n    fn foo(f: File) {}\n}\n# fn main() {} // don't insert it for us; that'll break imports\n```\n"},"level":"error","spans":[{"file_name":"/root/repo/target/debug/build/opensubdiv-petite-sys-94eeb44b6ce262ab/out/bindings.rs","byte_start":162313,"byte_end":162316,"line_start":3691,"line_end":3691,"column_start":24,"column_end":27,"is_primary":true,"text":[{"text":"    pub _dvWeights: u8<_Tp, _Alloc>,","highlight_start":24,"highlight_end":27}],"label":"not found in this scope","suggested_replacement":null,"suggestion_applicability":null,"expansion":null}],"children":[{"message":"you might be missing a type parameter","code":null,"level":"help","spans":[{"file_name":"/root/repo/target/debug/build/opensubdiv-petite-sys-94eeb44b6ce262ab/out/bindings.rs","byte_start":162195,"byte_end":162195,"line_start":3688,"line_end":3688,"column_start":55,"column_end":55,"is_primary":true,"text":[{"text":"pub struct OpenSubdiv_v3_6_1_Far_LimitStencilTableReal {","highlight_start":55,"highlight_end":55}],"label":null,"suggested_replacement":"<_Tp>","suggestion_applicability":"MaybeIncorrect","expansion":null}],"children":[],"rendered":null}],"rendered":"\u001b[0m\u001b[1m\u001b[38;5;9merror[E0412]\u001b[0m\u001b[0m\u001b[1m: cannot find type `_Tp` in this scope\u001b[0m\n\u001b[0m    \u001b[0m\u001b[0m\u001b[1m\u001b[38;5;12m--> \u001b[0m\u001b[0m/root/repo/target/debug/build/opensubdiv-petite-sys-94eeb44b6ce262ab/out/bindings.rs:3691:24\u001b[0m\n\u001b[0m     \u001b[0m\u001b[0m\u001b[1m\u001b[38;5;12m|\u001b[0m\n\u001b[0m\u001b[1m\u001b[38;5;12m3691\u001b[0m\u001b[0m \u001b[0m\u001b[0m\u001b[1m\u001b[38;5;12m|\u001b[0m\u001b[0m \u001b[0m\u001b[0m    pub _dvWeights: u8<_Tp, _Alloc>,\u001b[0m\n\u001b[0m     \u001b[0m\u001b[0m\u001b[1m\u001b[38;5;12m|\u001b[0m\u001b[0m                        \u001b[0m\u001b[0m\u001b[1m\u001b[38;5;9m^^^\u001b[0m\u001b[0m \u001b[0m\u001b[0m\u001b[1m\u001b[38;5;9mnot found in this scope\u001b[0m\n\u001b[0m     \u001b[0m\u001b[0m\u001b[1m\u001b[38;5;12m|\u001b[0m\n\u001b[0m\u001b[1m\u001b[38;5;14mhelp\u001b[0m\u001b[0m: you might be missing a type parameter\u001b[0m\n\u001b[0m     \u001b[0m\u001b[0m\u001b[1m\u001b[38;5;12m|\u001b[0m\n\u001b[0m\u001b[1m\u001b[38;5;12m3688\u001b[0m\u001b[0m \u001b[0m\u001b[0m\u001b[1m\u001b[38;5;12m| \u001b[0m\u001b[0mpub struct OpenSubdiv_v3_6_1_Far_LimitStencilTableReal\u001b[0m\u001b[0m\u001b[38;5;10m<_Tp>\u001b[0m\u001b[0m {\u001b[0m\n\u001b[0m     \u001b[0m\u001b[0m\u001b[1m\u001b[38;5;12m|\u001b[0m\u001b[0m                                                       \u001b[0m\u001b[0m\u001b[38;5;10m+++++\u001b[0m\n\n"}
{"$message_type":"diagnostic","message":"cannot find type `_Alloc` in this scope","code":{"code":"E0412","explanation":"A used type name is not in scope.\n\nErroneous code examples:\n\n```compile_fail,E0412\nimpl Something {} // error: type name `Something` is not in scope\n\n// or:\n\ntrait Foo {\n    fn bar(N); // error: type name `N` is not in scope\n}\n\n// or:\n\nfn foo(x: T) {} // type name `T` is not in scope\n```\n\nTo fix this error, please verify you didn't misspell the type name, you did\ndeclare it or imported it into the scope. Examples:\n\n```\nstruct Something;\n\nimpl Something {} // ok!\n\n// or:\n\ntrait Foo {\n    type N;\n\n    fn bar(_: Self::N); // ok!\n}\n\n// or:\n\nfn foo<T>(x: T) {} // ok!\n```\n\nAnother case that causes this error is when a type is imported into a parent\nmodule. To fix this, you can follow the suggestion and use File directly or\n`use super::File;` which will import the types from the parent namespace. An\nexample that causes this error is below:\n\n```compile_fail,E0412\nuse std::fs::File;\n\nmod foo {\n    fn some_function(f: File) {}\n}\n```\n\n```\nuse std::fs::File;\n\nmod foo {\n    // either\n    use super::File;\n    // or\n    // use std::fs::File;\n    fn foo(f: File) {}\n}\n# fn main() {} // don't insert it for us; that'll break imports\n```\n"},"level":"error","spans":[{"file_name":"/root/repo/target/debug/build/opensubdiv-petite-sys-94eeb44b6ce262ab/out/bindings.rs","byte_start":162318,"byte_end":162324,"line_start":3691,"line_end":3691,"column_start":29,"column_end":35,"is_primary":true,"text":[{"text":"    pub _dvWeights: u8<_Tp, _Alloc>,","highlight_start":29,"highlight_end":35}],"label":"not found in this scope","suggested_replacement":null,"suggestion_applicability":null,"expansion":null}],"children":[{"message":"you might be missing a type parameter","code":null,"level":"help","spans":[{"file_name":"/root/repo/target/debug/build/opensubdiv-petite-sys-94eeb44b6ce262ab/out/bindings.rs","byte_start":162195,"byte_end":162195,"line_start":3688,"line_end":3688,"column_start":55,"column_end":55,"is_primary":true,"text":[{"text":"pub struct OpenSubdiv_v3_6_1_Far_LimitStencilTableReal {","highlight_start":55,"highlight_end":55}],"label":null,"suggested_replacement":"<_Alloc>","suggestion_applicability":"MaybeIncorrect","expansion":null}],"children":[],"rendered":null}],"rendered":"\u001b[0m\u001b[1m\u001b[38;5;9merror[E0412]\u001b[0m\u001b[0m\u001b[1m: cannot find type `_Alloc` in this scope\u001b[0m\n\u001b[0m    \u001b[0m\u001b[0m\u001b[1m\u001b[38;5;12m--> \u001b[0m\u001b[0m/root/repo/target/debug/build/opensubdiv-petite-sys-94eeb44b6ce262ab/out/bindings.rs:3691:29\u001b[0m\n\u001b[0m     \u001b[0m\u001b[0m\u001b[1m\u001b[38;5;12m|\u001b[0m\n\u001b[0m\u001b[1m\u001b[38;5;12m3691\u001b[0m\u001b[0m \u001b[0m\u001b[0m\u001b[1m\u001b[38;5;12m|\u001b[0m\u001b[0m \u001b[0m\u001b[0m    pub _dvWeights: u8<_Tp, _Alloc>,\u001b[0m\n\u001b[0m     \u001b[0m\u001b[0m\u001b[1m\u001b[38;5;12m|\u001b[0m\u001b[0m                             \u001b[0m\u001b[0m\u001b[1m\u001b[38;5;9m^^^^^^\u001b[0m\u001b[0m \u001b[0m\u001b[0m\u001b[1m\u001b[38;5;9mnot found in this scope\u001b[0m\n\u001b[0m     \u001b[0m\u001b[0m\u001b[1m\u001b[38;5;12m|\u001b[0m\n\u001b[0m\u001b[1m\u001b[38;5;14mhelp\u001b[0m\u001b[0m: you might be missing a type parameter\u001b[0m\n\u001b[0m     \u001b[0m\u001b[0m\u001b[1m\u001b[38;5;12m|\u001b[0m\n\u001b[0m\u001b[1m\u001b[38;5;12m3688\u001b[0m\u001b[0m \u001b[0m\u001b[0m\u001b[1m\u001b[38;5;12m| \u001b[0m\u001b[0mpub struct OpenSubdiv_v3_6_1_Far_LimitStencilTableReal\u001b[0m\u001b[0m\u001b[38;5;10m<_Alloc>\u001b[0m\u001b[0m {\u001b[0m\n\u001b[0m     \u001b[0m\u001b[0m\u001b[1m\u001b[38;5;12m|\u001b[0m\u001b[0m                                                       \u001b[0m\u001b[0m\u001b[38;5;10m++++++++\u001b[0m\n\n"}
{"$message_type":"diagnostic","message":"cannot find type `_Tp` in this scope","code":{"code":"E0412","explanation":"A used type name is not in scope.\n\nErroneous code examples:\n\n```compile_fail,E0412\nimpl Something {} // error: type name `Something` is not in scope\n\n// or:\n\ntrait Foo {\n    fn bar(N); // error: type name `N` is not in scope\n}\n\n// or:\n\nfn foo(x: T) {} // type name `T` is not in scope\n```\n\nTo fix this error, please verify you didn't misspell the type name, you did\ndeclare it or imported it into the scope. Examples:\n\n```\nstruct Something;\n\nimpl Something {} // ok!\n\n// or:\n\ntrait Foo {\n    type N;\n\n    fn bar(_: Self::N); // ok!\n}\n\n// or:\n\nfn foo<T>(x: T) {} // ok!\n```\n\nAnother case that causes this error is when a type is imported into a parent\nmodule. To fix this, you can follow the suggestion and use File directly or\n`use super::File;` which will import the types from the parent namespace. An\nexample that causes this error is below:\n\n```compile_fail,E0412\nuse std::fs::File;\n\nmod foo {\n    fn some_function(f: File) {}\n}\n```\n\n```\nuse std::fs::File;\n\nmod foo {\n    // either\n    use super::File;\n    // or\n    // use std::fs::File;\n    fn foo(f: File) {}\n}\n# fn main() {} // don't insert it for us; that'll break imports\n```\n"},"level":"error","spans":[{"file_name":"/root/repo/target/debug/build/opensubdiv-petite-sys-94eeb44b6ce262ab/out/bindings.rs","byte_start":162351,"byte_end":162354,"line_start":3692,"line_end":3692,"column_start":25,"column_end":28,"is_primary":true,"text":[{"text":"    pub _duuWeights: u8<_Tp, _Alloc>,","highlight_start":25,"highlight_end":28}],"label":"not found in this scope","suggested_replacement":null,"suggestion_applicability":null,"expansion":null}],"children":[{"message":"you might be missing a type parameter","code":null,"level":"help","spans":[{"file_name":"/root/repo/target/debug/build/opensubdiv-petite-sys-94eeb44b6ce262ab/out/bindings.rs","byte_start":162195,"byte_end":162195,"line_start":3688,"line_end":3688,"column_start":55,"column_end":55,"is_primary":true,"text":[{"text":"pub struct OpenSubdiv_v3_6_1_Far_LimitStencilTableReal {","highlight_start":55,"highlight_end":55}],"label":null,"suggested_replacement":"<_Tp>","suggestion_applicability":"MaybeIncorrect","expansion":null}],"children":[],"rendered":null}],"rendered":"\u001b[0m\u001b[1m\u001b[38;5;9merror[E0412]\u001b[0m\u001b[0m\u001b[1m: cannot find type `_Tp` in this scope\u001b[0m\n\u001b[0m    \u001b[0m\u001b[0m\u001b[1m\u001b[38;5;12m--> \u001b[0m\u001b[0m/root/repo/target/debug/build/opensubdiv-petite-sys-94eeb44b6ce262ab/out/bindings.rs:3692:25\u001b[0m\n\u001b[0m     \u001b[0m\u001b[0m\u001b[1m\u001b[38;5;12m|\u001b[0m\n\u001b[0m\u001b[1m\u001b[38;5;12m3692\u001b[0m\u001b[0m \u001b[0m\u001b[0m\u001b[1m\u001b[38;5;12m|\u001b[0m\u001b[0m \u001b[0m\u001b[0m    pub _duuWeights: u8<_Tp, _Alloc>,\u001b[0m\n\u001b[0m     \u001b[0m\u001b[0m\u001b[1m\u001b[38;5;12m|\u001b[0m\u001b[0m                         \u001b[0m\u001b[0m\u001b[1m\u001b[38;5;9m^^^\u001b[0m\u001b[0m \u001b[0m\u001b[0m\u001b[1m\u001b[38;5;9mnot found in this scope\u001b[0m\n\u001b[0m     \u001b[0m\u001b[0m\u001b[1m\u001b[38;5;12m|\u001b[0m\n\u001b[0m\u001b[1m\u001b[38;5;14mhelp\u001b[0m\u001b[0m: you might be missing a type parameter\u001b[0m\n\u001b[0m     \u001b[0m\u001b[0m\u001b[1m\u001b[38;5;12m|\u001b[0m\n\u001b[0m\u001b[1m\u001b[38;5;12m3688\u001b[0m\u001b[0m \u001b[0m\u001b[0m\u001b[1m\u001b[38;5;12m| \u001b[0m\u001b[0mpub struct OpenSubdiv_v3_6_1_Far_LimitStencilTableReal\u001b[0m\u001b[0m\u001b[38;5;10m<_Tp>\u001b[0m\u001b[0m {\u001b[0m\n\u001b[0m     \u001b[0m\u001b[0m\u001b[1m\u001b[38;5;12m|\u001b[0m\u001b[0m                                                       \u001b[0m\u001b[0m\u001b[38;5;10m+++++\u001b[0m\n\n"}
{"$message_type":"diagnostic","message":"cannot find type `_Alloc` in this scope","code":{"code":"E0412","explanation":"A used type name is not in scope.\n\nErroneous code examples:\n\n```compile_fail,E0412\nimpl Something {} // error: type name `Something` is not in scope\n\n// or:\n\ntrait Foo {\n    fn bar(N); // error: type name `N` is not in scope\n}\n\n// or:\n\nfn foo(x: T) {} // type name `T` is not in scope\n```\n\nTo fix this error, please verify you didn't misspell the type name, you did\ndeclare it or imported it into the scope. Examples:\n\n```\nstruct Something;\n\nimpl Something {} // ok!\n\n// or:\n\ntrait Foo {\n    type N;\n\n    fn bar(_: Self::N); // ok!\n}\n\n// or:\n\nfn foo<T>(x: T) {} // ok!\n```\n\nAnother case that causes this error is when a type is imported into a parent\nmodule. To fix this, you can follow the suggestion and use File directly or\n`use super::File;` which will import the types from the parent namespace. An\nexample that causes this error is below:\n\n```compile_fail,E0412\nuse std::fs::File;\n\nmod foo {\n    fn some_function(f: File) {}\n}\n```\n\n```\nuse std::fs::File;\n\nmod foo {\n    // either\n    use super::File;\n    // or\n    // use std::fs::File;\n    fn foo(f: File) {}\n}\n# fn main() {} // don't insert it for us; that'll break imports\n```\n"},"level":"error","spans":[{"file_name":"/root/repo/target/debug/build/opensubdiv-petite-sys-94eeb44b6ce262ab/out/bindings.rs","byte_start":162356,"byte_end":162362,"line_start":3692,"line_end":3692,"column_start":30,"column_end":36,"is_primary":true,"text":[{"text":"    pub _duuWeights: u8<_Tp, _Alloc>,","highlight_start":30,"highlight_end":36}],"label":"not found in this scope","suggested_replacement":null,"suggestion_applicability":null,"expansion":null}],"children":[{"message":"you might be missing a type parameter","code":null,"level":"help","spans":[{"file_name":"/root/repo/target/debug/build/opensubdiv-petite-sys-94eeb44b6ce262ab/out/bindings.rs","byte_start":162195,"byte_end":162195,"line_start":3688,"line_end":3688,"column_start":55,"column_end":55,"is_primary":true,"text":[{"text":"pub struct OpenSubdiv_v3_6_1_Far_LimitStencilTableReal {","highlight_start":55,"highlight_end":55}],"label":null,"suggested_replacement":"<_Alloc>","suggestion_applicability":"MaybeIncorrect","expansion":null}],"children":[],"rendered":null}],"rendered":"\u001b[0m\u001b[1m\u001b[38;5;9merror[E0412]\u001b[0m\u001b[0m\u001b[1m: cannot find type `_Alloc` in this scope\u001b[0m\n\u001b[0m    \u001b[0m\u001b[0m\u001b[1m\u001b[38;5;12m--> \u001b[0m\u001b[0m/root/repo/target/debug/build/opensubdiv-petite-sys-94eeb44b6ce262ab/out/bindings.rs:3692:30\u001b[0m\n\u001b[0m     \u001b[0m\u001b[0m\u001b[1m\u001b[38;5;12m|\u001b[0m\n\u001b[0m\u001b[1m\u001b[38;5;12m3692\u001b[0m\u001b[0m \u001b[0m\u001b[0m\u001b[1m\u001b[38;5;12m|\u001b[0m\u001b[0m \u001b[0m\u001b[0m    pub _duuWeights: u8<_Tp, _Alloc>,\u001b[0m\n\u001b[0m     \u001b[0m\u001b[0m\u001b[1m\u001b[38;5;12m|\u001b[0m\u001b[0m                              \u001b[0m\u001b[0m\u001b[1m\u001b[38;5;9m^^^^^^\u001b[0m\u001b[0m \u001b[0m\u001b[0m\u001b[1m\u001b[38;5;9mnot found in this scope\u001b[0m\n\u001b[0m     \u001b[0m\u001b[0m\u001b[1m\u001b[38;5;12m|\u001b[0m\n\u001b[0m\u001b[1m\u001b[38;5;14mhelp\u001b[0m\u001b[0m: you might be missing a type parameter\u001b[0m\n\u001b[0m     \u001b[0m\u001b[0m\u001b[1m\u001b[38;5;12m|\u001b[0m\n\u001b[0m\u001b[1m\u001b[38;5;12m3688\u001b[0m\u001b[0m \u001b[0m\u001b[0m\u001b[1m\u001b[38;5;12m| \u001b[0m\u001b[0mpub struct OpenSubdiv_v3_6_1_Far_LimitStencilTableReal\u001b[0m\u001b[0m\u001b[38;5;10m<_Alloc>\u001b[0m\u001b[0m {\u001b[0m\n\u001b[0m     \u001b[0m\u001b[0m\u001b[1m\u001b[38;5;12m|\u001b[0m\u001b[0m                                                       \u001b[0m\u001b[0m\u001b[38;5;10m++++++++\u001b[0m\n\n"}
{"$message_type":"diagnostic","message":"cannot find type `_Tp` in this scope","code":{"code":"E0412","explanation":"A used type name is not in scope.\n\nErroneous code examples:\n\n```compile_fail,E0412\nimpl Something {} // error: type name `Something` is not in scope\n\n// or:\n\ntrait Foo {\n    fn bar(N); // error: type name `N` is not in scope\n}\n\n// or:\n\nfn foo(x: T) {} // type name `T` is not in scope\n```\n\nTo fix this error, please verify you didn't misspell the type name, you did\ndeclare it or imported it into the scope. Examples:\n\n```\nstruct Something;\n\nimpl Something {} // ok!\n\n// or:\n\ntrait Foo {\n    type N;\n\n    fn bar(_: Self::N); // ok!\n}\n\n// or:\n\nfn foo<T>(x: T) {} // ok!\n```\n\nAnother case that causes this error is when a type is imported into a parent\nmodule. To fix this, you can follow the suggestion and use File directly or\n`use super::File;` which will import the types from the parent namespace. An\nexample that causes this error is below:\n\n```compile_fail,E0412\nuse std::fs::File;\n\nmod foo {\n    fn some_function(f: File) {}\n}\n```\n\n```\nuse std::fs::File;\n\nmod foo {\n    // either\n    use super::File;\n    // or\n    // use std::fs::File;\n    fn foo(f: File) {}\n}\n# fn main() {} // don't insert it for us; that'll break imports\n```\n"},"level":"error","spans":[{"file_name":"/root/repo/target/debug/build/opensubdiv-petite-sys-94eeb44b6ce262ab/out/bindings.rs","byte_start":162389,"byte_end":162392,"line_start":3693,"line_end":3693,"column_start":25,"column_end":28,"is_primary":true,"text":[{"text":"    pub _duvWeights: u8<_Tp, _Alloc>,","highlight_start":25,"highlight_end":28}],"label":"not found in this scope","suggested_replacement":null,"suggestion_applicability":null,"expansion":null}],"children":[{"message":"you might be missing a type parameter","code":null,"level":"help","spans":[{"file_name":"/root/repo/target/debug/build/opensubdiv-petite-sys-94eeb44b6ce262ab/out/bindings.rs","byte_start":162195,"byte_end":162195,"line_start":3688,"line_end":3688,"column_start":55,"column_end":55,"is_primary":true,"text":[{"text":"pub struct OpenSubdiv_v3_6_1_Far_LimitStencilTableReal {","highlight_start":55,"highlight_end":55}],"label":null,"suggested_replacement":"<_Tp>","suggestion_applicability":"MaybeIncorrect","expansion":null}],"children":[],"rendered":null}],"rendered":"\u001b[0m\u001b[1m\u001b[38;5;9merror[E0412]\u001b[0m\u001b[0m\u001b[1m: cannot find type `_Tp` in this scope\u001b[0m\n\u001b[0m    \u001b[0m\u001b[0m\u001b[1m\u001b[38;5;12m--> \u001b[0m\u001b[0m/root/repo/target/debug/build/opensubdiv-petite-sys-94eeb44b6ce262ab/out/bindings.rs:3693:25\u001b[0m\n\u001b[0m     \u001b[0m\u001b[0m\u001b[1m\u001b[38;5;12m|\u001b[0m\n\u001b[0m\u001b[1m\u001b[38;5;12m3693\u001b[0m\u001b[0m \u001b[0m\u001b[0m\u001b[1m\u001b[38;5;12m|\u001b[0m\u001b[0m \u001b[0m\u001b[0m    pub _duvWeights: u8<_Tp, _Alloc>,\u001b[0m\n\u001b[0m     \u001b[0m\u001b[0m\u001b[1m\u001b[38;5;12m|\u001b[0m\u001b[0m                         \u001b[0m\u001b[0m\u001b[1m\u001b[38;5;9m^^^\u001b[0m\u001b[0m \u001b[0m\u001b[0m\u001b[1m\u001b[38;5;9mnot found in this scope\u001b[0m\n\u001b[0m     \u001b[0m\u001b[0m\u001b[1m\u001b[38;5;12m|\u001b[0m\n\u001b[0m\u001b[1m\u001b[38;5;14mhelp\u001b[0m\u001b[0m: you might be missing a type parameter\u001b[0m\n\u001b[0m     \u001b[0m\u001b[0m\u001b[1m\u001b[38;5;12m|\u001b[0m\n\u001b[0m\u001b[1m\u001b[38;5;12m3688\u001b[0m\u001b[0m \u001b[0m\u001b[0m\u001b[1m\u001b[38;5;12m| \u001b[0m\u001b[0mpub struct OpenSubdiv_v3_6_1_Far_LimitStencilTableReal\u001b[0m\u001b[0m\u001b[38;5;10m<_Tp>\u001b[0m\u001b[0m {\u001b[0m\n\u001b[0m     \u001b[0m\u001b[0m\u001b[1m\u001b[38;5;12m|\u001b[0m\u001b[0m                                                       \u001b[0m\u001b[0m\u001b[38;5;10m+++++\u001b[0m\n\n"}
{"$message_type":"diagnostic","message":"cannot find type `_Alloc` in this scope","code":{"code":"E0412","explanation":"A used type name is not in scope.\n\nErroneous code examples:\n\n```compile_fail,E0412\nimpl Something {} // error: type name `Something` is not in scope\n\n// or:\n\ntrait Foo {\n    fn bar(N); // error: type name `N` is not in scope\n}\n\n// or:\n\nfn foo(x: T) {} // type name `T` is not in scope\n```\n\nTo fix this error, please verify you didn't misspell the type name, you did\ndeclare it or imported it into the scope. Examples:\n\n```\nstruct Something;\n\nimpl Something {} // ok!\n\n// or:\n\ntrait Foo {\n    type N;\n\n    fn bar(_: Self::N); // ok!\n}\n\n// or:\n\nfn foo<T>(x: T) {} // ok!\n```\n\nAnother case that causes this error is when a type is imported into a parent\nmodule. To fix this, you can follow the suggestion and use File directly or\n`use super::File;` which will import the types from the parent namespace. An\nexample that causes this error is below:\n\n```compile_fail,E0412\nuse std::fs::File;\n\nmod foo {\n    fn some_function(f: File) {}\n}\n```\n\n```\nuse std::fs::File;\n\nmod foo {\n    // either\n    use super::File;\n    // or\n    // use std::fs::File;\n    fn foo(f: File) {}\n}\n# fn main() {} // don't insert it for us; that'll break imports\n```\n"},"level":"error","spans":[{"file_name":"/root/repo/target/debug/build/opensubdiv-petite-sys-94eeb44b6ce262ab/out/bindings.rs","byte_start":162394,"byte_end":162400,"line_start":3693,"line_end":3693,"column_start":30,"column_end":36,"is_primary":true,"text":[{"text":"    pub _duvWeights: u8<_Tp, _Alloc>,","highlight_start":30,"highlight_end":36}],"label":"not found in this scope","suggested_replacement":null,"suggestion_applicability":null,"expansion":null}],"children":[{"message":"you might be missing a type parameter","code":null,"level":"help","spans":[{"file_name":"/root/repo/target/debug/build/opensubdiv-petite-sys-94eeb44b6ce262ab/out/bindings.rs","byte_start":162195,"byte_end":162195,"line_start":3688,"line_end":3688,"column_start":55,"column_end":55,"is_primary":true,"text":[{"text":"pub struct OpenSubdiv_v3_6_1_Far_LimitStencilTableReal {","highlight_start":55,"highlight_end":55}],"label":null,"suggested_replacement":"<_Alloc>","suggestion_applicability":"MaybeIncorrect","expansion":null}],"children":[],"rendered":null}],"rendered":"\u001b[0m\u001b[1m\u001b[38;5;9merror[E0412]\u001b[0m\u001b[0m\u001b[1m: cannot find type `_Alloc` in this scope\u001b[0m\n\u001b[0m    \u001b[0m\u001b[0m\u001b[1m\u001b[38;5;12m--> \u001b[0m\u001b[0m/root/repo/target/debug/build/opensubdiv-petite-sys-94eeb44b6ce262ab/out/bindings.rs:3693:30\u001b[0m\n\u001b[0m     \u001b[0m\u001b[0m\u001b[1m\u001b[38;5;12m|\u001b[0m\n\u001b[0m\u001b[1m\u001b[38;5;12m3693\u001b[0m\u001b[0m \u001b[0m\u001b[0m\u001b[1m\u001b[38;5;12m|\u001b[0m\u001b[0m \u001b[0m\u001b[0m    pub _duvWeights: u8<_Tp, _Alloc>,\u001b[0m\n\u001b[0m     \u001b[0m\u001b[0m\u001b[1m\u001b[38;5;12m|\u001b[0m\u001b[0m                              \u001b[0m\u001b[0m\u001b[1m\u001b[38;5;9m^^^^^^\u001b[0m\u001b[0m \u001b[0m\u001b[0m\u001b[1m\u001b[38;5;9mnot found in this scope\u001b[0m\n\u001b[0m     \u001b[0m\u001b[0m\u001b[1m\u001b[38;5;12m|\u001b[0m\n\u001b[0m\u001b[1m\u001b[38;5;14mhelp\u001b[0m\u001b[0m: you might be missing a type parameter\u001b[0m\n\u001b[0m     \u001b[0m\u001b[0m\u001b[1m\u001b[38;5;12m|\u001b[0m\n\u001b[0m\u001b[1m\u001b[38;5;12m3688\u001b[0m\u001b[0m \u001b[0m\u001b[0m\u001b[1m\u001b[38;5;12m| \u001b[0m\u001b[0mpub struct OpenSubdiv_v3_6_1_Far_LimitStencilTableReal\u001b[0m\u001b[0m\u001b[38;5;10m<_Alloc>\u001b[0m\u001b[0m {\u001b[0m\n\u001b[0m     \u001b[0m\u001b[0m\u001b[1m\u001b[38;5;12m|\u001b[0m\u001b[0m                                                       \u001b[0m\u001b[0m\u001b[38;5;10m++++++++\u001b[0m\n\n"}
{"$message_type":"diagnostic","message":"cannot find type `_Tp` in this scope","code":{"code":"E0412","explanation":"A used type name is not in scope.\n\nErroneous code examples:\n\n```compile_fail,E0412\nimpl Something {} // error: type name `Something` is not in scope\n\n// or:\n\ntrait Foo {\n    fn bar(N); // error: type name `N` is not in scope\n}\n\n// or:\n\nfn foo(x: T) {} // type name `T` is not in scope\n```\n\nTo fix this error, please verify you didn't misspell the type name, you did\ndeclare it or imported it into the scope. Examples:\n\n```\nstruct Something;\n\nimpl Something {} // ok!\n\n// or:\n\ntrait Foo {\n    type N;\n\n    fn bar(_: Self::N); // ok!\n}\n\n// or:\n\nfn foo<T>(x: T) {} // ok!\n```\n\nAnother case that causes this error is when a type is imported into a parent\nmodule. To fix this, you can follow the suggestion and use File directly or\n`use super::File;` which will import the types from the parent namespace. An\nexample that causes this error is below:\n\n```compile_fail,E0412\nuse std::fs::File;\n\nmod foo {\n    fn some_function(f: File) {}\n}\n```\n\n```\nuse std::fs::File;\n\nmod foo {\n    // either\n    use super::File;\n    // or\n    // use std::fs::File;\n    fn foo(f: File) {}\n}\n# fn main() {} // don't insert it for us; that'll break imports\n```\n"},"level":"error","spans":[{"file_name":"/root/repo/target/debug/build/opensubdiv-petite-sys-94eeb44b6ce262ab/out/bindings.rs","byte_start":162427,"byte_end":162430,"line_start":3694,"line_end":3694,"column_start":25,"column_end":28,"is_primary":true,"text":[{"text":"    pub _dvvWeights: u8<_Tp, _Alloc>,","highlight_start":25,"highlight_end":28}],"label":"not found in this scope","suggested_replacement":null,"suggestion_applicability":null,"expansion":null}],"children":[{"message":"you might be missing a type parameter","code":null,"level":"help","spans":[{"file_name":"/root/repo/target/debug/build/opensubdiv-petite-sys-94eeb44b6ce262ab/out/bindings.rs","byte_start":162195,"byte_end":162195,"line_start":3688,"line_end":3688,"column_start":55,"column_end":55,"is_primary":true,"text":[{"text":"pub struct OpenSubdiv_v3_6_1_Far_LimitStencilTableReal {","highlight_start":55,"highlight_end":55}],"label":null,"suggested_replacement":"<_Tp>","suggestion_applicability":"MaybeIncorrect","expansion":null}],"children":[],"rendered":null}],"rendered":"\u001b[0m\u001b[1m\u001b[38;5;9merror[E0412]\u001b[0m\u001b[0m\u001b[1m: cannot find type `_Tp` in this scope\u001b[0m\n\u001b[0m    \u001b[0m\u001b[0m\u001b[1m\u001b[38;5;12m--> \u001b[0m\u001b[0m/root/repo/target/debug/build/opensubdiv-petite-sys-94eeb44b6ce262ab/out/bindings.rs:3694:25\u001b[0m\n\u001b[0m     \u001b[0m\u001b[0m\u001b[1m\u001b[38;5;12m|\u001b[0m\n\u001b[0m\u001b[1m\u001b[38;5;12m3694\u001b[0m\u001b[0m \u001b[0m\u001b[0m\u001b[1m\u001b[38;5;12m|\u001b[0m\u001b[0m \u001b[0m\u001b[0m    pub _dvvWeights: u8<_Tp, _Alloc>,\u001b[0m\n\u001b[0m     \u001b[0m\u001b[0m\u001b[1m\u001b[38;5;12m|\u001b[0m\u001b[0m                         \u001b[0m\u001b[0m\u001b[1m\u001b[38;5;9m^^^\u001b[0m\u001b[0m \u001b[0m\u001b[0m\u001b[1m\u001b[38;5;9mnot found in this scope\u001b[0m\n\u001b[0m     \u001b[0m\u001b[0m\u001b[1m\u001b[38;5;12m|\u001b[0m\n\u001b[0m\u001b[1m\u001b[38;5;14mhelp\u001b[0m\u001b[0m: you might be missing a type parameter\u001b[0m\n\u001b[0m     \u001b[0m\u001b[0m\u001b[1m\u001b[38;5;12m|\u001b[0m\n\u001b[0m\u001b[1m\u001b[38;5;12m3688\u001b[0m\u001b[0m \u001b[0m\u001b[0m\u001b[1m\u001b[38;5;12m| \u001b[0m\u001b[0mpub struct OpenSubdiv_v3_6_1_Far_LimitStencilTableReal\u001b[0m\u001b[0m\u001b[38;5;10m<_Tp>\u001b[0m\u001b[0m {\u001b[0m\n\u001b[0m     \u001b[0m\u001b[0m\u001b[1m\u001b[38;5;12m|\u001b[0m\u001b[0m                                                       \u001b[0m\u001b[0m\u001b[38;5;10m+++++\u001b[0m\n\n"}
{"$message_type":"diagnostic","message":"cannot find type `_Alloc` in this scope","code":{"code":"E0412","explanation":"A used type name is not in scope.\n\nErroneous code examples:\n\n```compile_fail,E0412\nimpl Something {} // error: type name `Something` is not in scope\n\n// or:\n\ntrait Foo {\n    fn bar(N); // error: type name `N` is not in scope\n}\n\n// or:\n\nfn foo(x: T) {} // type name `T` is not in scope\n```\n\nTo fix this error, please verify you didn't misspell the type name, you did\ndeclare it or imported it into the scope. Examples:\n\n```\nstruct Something;\n\nimpl Something {} // ok!\n\n// or:\n\ntrait Foo {\n    type N;\n\n    fn bar(_: Self::N); // ok!\n}\n\n// or:\n\nfn foo<T>(x: T) {} // ok!\n```\n\nAnother case that causes this error is when a type is imported into a parent\nmodule. To fix this, you can follow the suggestion and use File directly or\n`use super::File;` which will import the types from the parent namespace. An\nexample that causes this error is below:\n\n```compile_fail,E0412\nuse std::fs::File;\n\nmod foo {\n    fn some_function(f: File) {}\n}\n```\n\n```\nuse std::fs::File;\n\nmod foo {\n    // either\n    use super::File;\n    // or\n    // use std::fs::File;\n    fn foo(f: File) {}\n}\n# fn main() {} // don't insert it for us; that'll break imports\n```\n"},"level":"error","spans":[{"file_name":"/root/repo/target/debug/build/opensubdiv-petite-sys-94eeb44b6ce262ab/out/bindings.rs","byte_start":162432,"byte_end":162438,"line_start":3694,"line_end":3694,"column_start":30,"column_end":36,"is_primary":true,"text":[{"text":"    pub _dvvWeights: u8<_Tp, _Alloc>,","highlight_start":30,"highlight_end":36}],"label":"not found in this scope","suggested_replacement":null,"suggestion_applicability":null,"expansion":null}],"children":[{"message":"you might be missing a type parameter","code":null,"level":"help","spans":[{"file_name":"/root/repo/target/debug/build/opensubdiv-petite-sys-94eeb44b6ce262ab/out/bindings.rs","byte_start":162195,"byte_end":162195,"line_start":3688,"line_end":3688,"column_start":55,"column_end":55,"is_primary":true,"text":[{"text":"pub struct OpenSubdiv_v3_6_1_Far_LimitStencilTableReal {","highlight_start":55,"highlight_end":55}],"label":null,"suggested_replacement":"<_Alloc>","suggestion_applicability":"MaybeIncorrect","expansion":null}],"children":[],"rendered":null}],"rendered":"\u001b[0m\u001b[1m\u001b[38;5;9merror[E0412]\u001b[0m\u001b[0m\u001b[1m: cannot find type `_Alloc` in this scope\u001b[0m\n\u001b[0m    \u001b[0m\u001b[0m\u001b[1m\u001b[38;5;12m--> \u001b[0m\u001b[0m/root/repo/target/debug/build/opensubdiv-petite-sys-94eeb44b6ce262ab/out/bindings.rs:3694:30\u001b[0m\n\u001b[0m     \u001b[0m\u001b[0m\u001b[1m\u001b[38;5;12m|\u001b[0m\n\u001b[0m\u001b[1m\u001b[38;5;12m3694\u001b[0m\u001b[0m \u001b[0m\u001b[0m\u001b[1m\u001b[38;5;12m|\u001b[0m\u001b[0m \u001b[0m\u001b[0m    pub _dvvWeights: u8<_Tp, _Alloc>,\u001b[0m\n\u001b[0m     \u001b[0m\u001b[0m\u001b[1m\u001b[38;5;12m|\u001b[0m\u001b[0m                              \u001b[0m\u001b[0m\u001b[1m\u001b[38;5;9m^^^^^^\u001b[0m\u001b[0m \u001b[0m\u001b[0m\u001b[1m\u001b[38;5;9mnot found in this scope\u001b[0m\n\u001b[0m     \u001b[0m\u001b[0m\u001b[1m\u001b[38;5;12m|\u001b[0m\n\u001b[0m\u001b[1m\u001b[38;5;14mhelp\u001b[0m\u001b[0m: you might be missing a type parameter\u001b[0m\n\u001b[0m     \u001b[0m\u001b[0m\u001b[1m\u001b[38;5;12m|\u001b[0m\n\u001b[0m\u001b[1m\u001b[38;5;12m3688\u001b[0m\u001b[0m \u001b[0m\u001b[0m\u001b[1m\u001b[38;5;12m| \u001b[0m\u001b[0mpub struct OpenSubdiv_v3_6_1_Far_LimitStencilTableReal\u001b[0m\u001b[0m\u001b[38;5;10m<_Alloc>\u001b[0m\u001b[0m {\u001b[0m\n\u001b[0m     \u001b[0m\u001b[0m\u001b[1m\u001b[38;5;12m|\u001b[0m\u001b[0m                                                       \u001b[0m\u001b[0m\u001b[38;5;10m++++++++\u001b[0m\n\n"}
{"$message_type":"diagnostic","message":"type arguments are not allowed on builtin type `u8`","code":{"code":"E0109","explanation":"You tried to provide a generic argument to a type which doesn't need it.\n\nErroneous code example:\n\n```compile_fail,E0109\ntype X = u32<i32>; // error: type arguments are not allowed for this type\ntype Y = bool<'static>; // error: lifetime parameters are not allowed on\n                        //        this type\n```\n\nCheck that you used the correct argument and that the definition is correct.\n\nExample:\n\n```\ntype X = u32; // ok!\ntype Y = bool; // ok!\n```\n\nNote that generic arguments for enum variant constructors go after the variant,\nnot after the enum. For example, you would write `Option::None::<u32>`,\nrather than `Option::<u32>::None`.\n"},"level":"error","spans":[{"file_name":"/root/repo/target/debug/build/opensubdiv-petite-sys-94eeb44b6ce262ab/out/bindings.rs","byte_start":160290,"byte_end":160296,"line_start":3656,"line_end":3656,"column_start":27,"column_end":33,"is_primary":true,"text":[{"text":"    pub _weights: u8<_Tp, _Alloc>,","highlight_start":27,"highlight_end":33}],"label":"type argument not allowed","suggested_replacement":null,"suggestion_applicability":null,"expansion":null},{"file_name":"/root/repo/target/debug/build/opensubdiv-petite-sys-94eeb44b6ce262ab/out/bindings.rs","byte_start":160282,"byte_end":160284,"line_start":3656,"line_end":3656,"column_start":19,"column_end":21,"is_primary":false,"text":[{"text":"    pub _weights: u8<_Tp, _Alloc>,","highlight_start":19,"highlight_end":21}],"label":"not allowed on builtin type `u8`","suggested_replacement":null,"suggestion_applicability":null,"expansion":null},{"file_name":"/root/repo/target/debug/build/opensubdiv-petite-sys-94eeb44b6ce262ab/out/bindings.rs","byte_start":160285,"byte_end":160288,"line_start":3656,"line_end":3656,"column_start":22,"column_end":25,"is_primary":true,"text":[{"text":"    pub _weights: u8<_Tp, _Alloc>,","highlight_start":22,"highlight_end":25}],"label":null,"suggested_replacement":null,"suggestion_applicability":null,"expansion":null}],"children":[{"message":"primitive type `u8` doesn't have generic parameters","code":null,"level":"help","spans":[{"file_name":"/root/repo/target/debug/build/opensubdiv-petite-sys-94eeb44b6ce262ab/out/bindings.rs","byte_start":160284,"byte_end":160297,"line_start":3656,"line_end":3656,"column_start":21,"column_end":34,"is_primary":true,"text":[{"text":"    pub _weights: u8<_Tp, _Alloc>,","highlight_start":21,"highlight_end":34}],"label":null,"suggested_replacement":"","suggestion_applicability":"MaybeIncorrect","expansion":null}],"children":[],"rendered":null}],"rendered":"\u001b[0m\u001b[1m\u001b[38;5;9merror[E0109]\u001b[0m\u001b[0m\u001b[1m: type arguments are not allowed on builtin type `u8`\u001b[0m\n\u001b[0m    \u001b[0m\u001b[0m\u001b[1m\u001b[38;5;12m--> \u001b[0m\u001b[0m/root/repo/target/debug/build/opensubdiv-petite-sys-94eeb44b6ce262ab/out/bindings.rs:3656:22\u001b[0m\n\u001b[0m     \u001b[0m\u001b[0m\u001b[1m\u001b[38;5;12m|\u001b[0m\n\u001b[0m\u001b[1m\u001b[38;5;12m3656\u001b[0m\u001b[0m \u001b[0m\u001b[0m\u001b[1m\u001b[38;5;12m|\u001b[0m\u001b[0m \u001b[0m\u001b[0m    pub _weights: u8<_Tp, _Alloc>,\u001b[0m\n\u001b[0m     \u001b[0m\u001b[0m\u001b[1m\u001b[38;5;12m|\u001b[0m\u001b[0m                   \u001b[0m\u001b[0m\u001b[1m\u001b[38;5;12m--\u001b[0m\u001b[0m \u001b[0m\u001b[0m\u001b[1m\u001b[38;5;9m^^^\u001b[0m\u001b[0m  \u001b[0m\u001b[0m\u001b[1m\u001b[38;5;9m^^^^^^\u001b[0m\u001b[0m \u001b[0m\u001b[0m\u001b[1m\u001b[38;5;9mtype argument not allowed\u001b[0m\n\u001b[0m     \u001b[0m\u001b[0m\u001b[1m\u001b[38;5;12m|\u001b[0m\u001b[0m                   \u001b[0m\u001b[0m\u001b[1m\u001b[38;5;12m|\u001b[0m\n\u001b[0m     \u001b[0m\u001b[0m\u001b[1m\u001b[38;5;12m|\u001b[0m\u001b[0m                   \u001b[0m\u001b[0m\u001b[1m\u001b[38;5;12mnot allowed on builtin type `u8`\u001b[0m\n\u001b[0m     \u001b[0m\u001b[0m\u001b[1m\u001b[38;5;12m|\u001b[0m\n\u001b[0m\u001b[1m\u001b[38;5;14mhelp\u001b[0m\u001b[0m: primitive type `u8` doesn't have generic parameters\u001b[0m\n\u001b[0m     \u001b[0m\u001b[0m\u001b[1m\u001b[38;5;12m|\u001b[0m\n\u001b[0m\u001b[1m\u001b[38;5;12m3656\u001b[0m\u001b[0m \u001b[0m\u001b[0m\u001b[38;5;9m- \u001b[0m\u001b[0m    pub _weights: u8\u001b[0m\u001b[0m\u001b[38;5;9m<_Tp, _Alloc>\u001b[0m\u001b[0m,\u001b[0m\n\u001b[0m\u001b[1m\u001b[38;5;12m3656\u001b[0m\u001b[0m \u001b[0m\u001b[0m\u001b[38;5;10m+ \u001b[0m\u001b[0m    pub _weights: u8,\u001b[0m\n\u001b[0m     \u001b[0m\u001b[0m\u001b[1m\u001b[38;5;12m|\u001b[0m\n\n"}
{"$message_type":"diagnostic","message":"type arguments are not allowed on builtin type `u8`","code":{"code":"E0109","explanation":"You tried to provide a generic argument to a type which doesn't need it.\n\nErroneous code example:\n\n```compile_fail,E0109\ntype X = u32<i32>; // error: type arguments are not allowed for this type\ntype Y = bool<'static>; // error: lifetime parameters are not allowed on\n                        //        this type\n```\n\nCheck that you used the correct argument and that the definition is correct.\n\nExample:\n\n```\ntype X = u32; // ok!\ntype Y = bool; // ok!\n```\n\nNote that generic arguments for enum variant constructors go after the variant,\nnot after the enum. For example, you would write `Option::None::<u32>`,\nrather than `Option::<u32>::None`.\n"},"level":"error","spans":[{"file_name":"/root/repo/target/debug/build/opensubdiv-petite-sys-94eeb44b6ce262ab/out/bindings.rs","byte_start":162281,"byte_end":162287,"line_start":3690,"line_end":3690,"column_start":29,"column_end":35,"is_primary":true,"text":[{"text":"    pub _duWeights: u8<_Tp, _Alloc>,","highlight_start":29,"highlight_end":35}],"label":"type argument not allowed","suggested_replacement":null,"suggestion_applicability":null,"expansion":null},{"file_name":"/root/repo/target/debug/build/opensubdiv-petite-sys-94eeb44b6ce262ab/out/bindings.rs","byte_start":162273,"byte_end":162275,"line_start":3690,"line_end":3690,"column_start":21,"column_end":23,"is_primary":false,"text":[{"text":"    pub _duWeights: u8<_Tp, _Alloc>,","highlight_start":21,"highlight_end":23}],"label":"not allowed on builtin type `u8`","suggested_replacement":null,"suggestion_applicability":null,"expansion":null},{"file_name":"/root/repo/target/debug/build/opensubdiv-petite-sys-94eeb44b6ce262ab/out/bindings.rs","byte_start":162276,"byte_end":162279,"line_start":3690,"line_end":3690,"column_start":24,"column_end":27,"is_primary":true,"text":[{"text":"    pub _duWeights: u8<_Tp, _Alloc>,","highlight_start":24,"highlight_end":27}],"label":null,"suggested_replacement":null,"suggestion_applicability":null,"expansion":null}],"children":[{"message":"primitive type `u8` doesn't have generic parameters","code":null,"level":"help","spans":[{"file_name":"/root/repo/target/debug/build/opensubdiv-petite-sys-94eeb44b6ce262ab/out/bindings.rs","byte_start":162275,"byte_end":162288,"line_start":3690,"line_end":3690,"column_start":23,"column_end":36,"is_primary":true,"text":[{"text":"    pub _duWeights: u8<_Tp, _Alloc>,","highlight_start":23,"highlight_end":36}],"label":null,"suggested_replacement":"","suggestion_applicability":"MaybeIncorrect","expansion":null}],"children":[],"rendered":null}],"rendered":"\u001b[0m\u001b[1m\u001b[38;5;9merror[E0109]\u001b[0m\u001b[0m\u001b[1m: type arguments are not allowed on builtin type `u8`\u001b[0m\n\u001b[0m    \u001b[0m\u001b[0m\u001b[1m\u001b[38;5;12m--> \u001b[0m\u001b[0m/root/repo/target/debug/build/opensubdiv-petite-sys-94eeb44b6ce262ab/out/bindings.rs:3690:24\u001b[0m\n\u001b[0m     \u001b[0m\u001b[0m\u001b[1m\u001b[38;5;12m|\u001b[0m\n\u001b[0m\u001b[1m\u001b[38;5;12m3690\u001b[0m\u001b[0m \u001b[0m\u001b[0m\u001b[1m\u001b[38;5;12m|\u001b[0m\u001b[0m \u001b[0m\u001b[0m    pub _duWeights: u8<_Tp, _Alloc>,\u001b[0m\n\u001b[0m     \u001b[0m\u001b[0m\u001b[1m\u001b[38;5;12m|\u001b[0m\u001b[0m                     \u001b[0m\u001b[0m\u001b[1m\u001b[38;5;12m--\u001b[0m\u001b[0m \u001b[0m\u001b[0m\u001b[1m\u001b[38;5;9m^^^\u001b[0m\u001b[0m  \u001b[0m\u001b[0m\u001b[1m\u001b[38;5;9m^^^^^^\u001b[0m\u001b[0m \u001b[0m\u001b[0m\u001b[1m\u001b[38;5;9mtype argument not allowed\u001b[0m\n\u001b[0m     \u001b[0m\u001b[0m\u001b[1m\u001b[38;5;12m|\u001b[0m\u001b[0m                     \u001b[0m\u001b[0m\u001b[1m\u001b[38;5;12m|\u001b[0m\n\u001b[0m     \u001b[0m\u001b[0m\u001b[1m\u001b[38;5;12m|\u001b[0m\u001b[0m                     \u001b[0m\u001b[0m\u001b[1m\u001b[38;5;12mnot allowed on builtin type `u8`\u001b[0m\n\u001b[0m     \u001b[0m\u001b[0m\u001b[1m\u001b[38;5;12m|\u001b[0m\n\u001b[0m\u001b[1m\u001b[38;5;14mhelp\u001b[0m\u001b[0m: primitive type `u8` doesn't have generic parameters\u001b[0m\n\u001b[0m     \u001b[0m\u001b[0m\u001b[1m\u001b[38;5;12m|\u001b[0m\n\u001b[0m\u001b[1m\u001b[38;5;12m3690\u001b[0m\u001b[0m \u001b[0m\u001b[0m\u001b[38;5;9m- \u001b[0m\u001b[0m    pub _duWeights: u8\u001b[0m\u001b[0m\u001b[38;5;9m<_Tp, _Alloc>\u001b[0m\u001b[0m,\u001b[0m\n\u001b[0m\u001b[1m\u001b[38;5;12m3690\u001b[0m\u001b[0m \u001b[0m\u001b[0m\u001b[38;5;10m+ \u001b[0m\u001b[0m    pub _duWeights: u8,\u001b[0m\n\u001b[0m     \u001b[0m\u001b[0m\u001b[1m\u001b[38;5;12m|\u001b[0m\n\n"}
{"$message_type":"diagnostic","message":"type arguments are not allowed on builtin type `u8`","code":{"code":"E0109","explanation":"You tried to provide a generic argument to a type which doesn't need it.\n\nErroneous code example:\n\n```compile_fail,E0109\ntype X = u32<i32>; // error: type arguments are not allowed for this type\ntype Y = bool<'static>; // error: lifetime parameters are not allowed on\n                        //        this type\n```\n\nCheck that you used the correct argument and that the definition is correct.\n\nExample:\n\n```\ntype X = u32; // ok!\ntype Y = bool; // ok!\n```\n\nNote that generic arguments for enum variant constructors go after the variant,\nnot after the enum. For example, you would write `Option::None::<u32>`,\nrather than `Option::<u32>::None`.\n"},"level":"error","spans":[{"file_name":"/root/repo/target/debug/build/opensubdiv-petite-sys-94eeb44b6ce262ab/out/bindings.rs","byte_start":162318,"byte_end":162324,"line_start":3691,"line_end":3691,"column_start":29,"column_end":35,"is_primary":true,"text":[{"text":"    pub _dvWeights: u8<_Tp, _Alloc>,","highlight_start":29,"highlight_end":35}],"label":"type argument not allowed","suggested_replacement":null,"suggestion_applicability":null,"expansion":null},{"file_name":"/root/repo/target/debug/build/opensubdiv-petite-sys-94eeb44b6ce262ab/out/bindings.rs","byte_start":162310,"byte_end":162312,"line_start":3691,"line_end":3691,"column_start":21,"column_end":23,"is_primary":false,"text":[{"text":"    pub _dvWeights: u8<_Tp, _Alloc>,","highlight_start":21,"highlight_end":23}],"label":"not allowed on builtin type `u8`","suggested_replacement":null,"suggestion_applicability":null,"expansion":null},{"file_name":"/root/repo/target/debug/build/opensubdiv-petite-sys-94eeb44b6ce262ab/out/bindings.rs","byte_start":162313,"byte_end":162316,"line_start":3691,"line_end":3691,"column_start":24,"column_end":27,"is_primary":true,"text":[{"text":"    pub _dvWeights: u8<_Tp, _Alloc>,","highlight_start":24,"highlight_end":27}],"label":null,"suggested_replacement":null,"suggestion_applicability":null,"expansion":null}],"children":[{"message":"primitive type `u8` doesn't have generic parameters","code":null,"level":"help","spans":[{"file_name":"/root/repo/target/debug/build/opensubdiv-petite-sys-94eeb44b6ce262ab/out/bindings.rs","byte_start":162312,"byte_end":162325,"line_start":3691,"line_end":3691,"column_start":23,"column_end":36,"is_primary":true,"text":[{"text":"    pub _dvWeights: u8<_Tp, _Alloc>,","highlight_start":23,"highlight_end":36}],"label":null,"suggested_replacement":"","suggestion_applicability":"MaybeIncorrect","expansion":null}],"children":[],"rendered":null}],"rendered":"\u001b[0m\u001b[1m\u001b[38;5;9merror[E0109]\u001b[0m\u001b[0m\u001b[1m: type arguments are not allowed on builtin type `u8`\u001b[0m\n\u001b[0m    \u001b[0m\u001b[0m\u001b[1m\u001b[38;5;12m--> \u001b[0m\u001b[0m/root/repo/target/debug/build/opensubdiv-petite-sys-94eeb44b6ce262ab/out/bindings.rs:3691:24\u001b[0m\n\u001b[0m     \u001b[0m\u001b[0m\u001b[1m\u001b[38;5;12m|\u001b[0m\n\u001b[0m\u001b[1m\u001b[38;5;12m3691\u001b[0m\u001b[0m \u001b[0m\u001b[0m\u001b[1m\u001b[38;5;12m|\u001b[0m\u001b[0m \u001b[0m\u001b[0m    pub _dvWeights: u8<_Tp, _Alloc>,\u001b[0m\n\u001b[0m     \u001b[0m\u001b[0m\u001b[1m\u001b[38;5;12m|\u001b[0m\u001b[0m                     \u001b[0m\u001b[0m\u001b[1m\u001b[38;5;12m--\u001b[0m\u001b[0m \u001b[0m\u001b[0m\u001b[1m\u001b[38;5;9m^^^\u001b[0m\u001b[0m  \u001b[0m\u001b[0m\u001b[1m\u001b[38;5;9m^^^^^^\u001b[0m\u001b[0m \u001b[0m\u001b[0m\u001b[1m\u001b[38;5;9mtype argument not allowed\u001b[0m\n\u001b[0m     \u001b[0m\u001b[0m\u001b[1m\u001b[38;5;12m|\u001b[0m\u001b[0m                     \u001b[0m\u001b[0m\u001b[1m\u001b[38;5;12m|\u001b[0m\n\u001b[0m     \u001b[0m\u001b[0m\u001b[1m\u001b[38;5;12m|\u001b[0m\u001b[0m                     \u001b[0m\u001b[0m\u001b[1m\u001b[38;5;12mnot allowed on builtin type `u8`\u001b[0m\n\u001b[0m     \u001b[0m\u001b[0m\u001b[1m\u001b[38;5;12m|\u001b[0m\n\u001b[0m\u001b[1m\u001b[38;5;14mhelp\u001b[0m\u001b[0m: primitive type `u8` doesn't have generic parameters\u001b[0m\n\u001b[0m     \u001b[0m\u001b[0m\u001b[1m\u001b[38;5;12m|\u001b[0m\n\u001b[0m\u001b[1m\u001b[38;5;12m3691\u001b[0m\u001b[0m \u001b[0m\u001b[0m\u001b[38;5;9m- \u001b[0m\u001b[0m    pub _dvWeights: u8\u001b[0m\u001b[0m\u001b[38;5;9m<_Tp, _Alloc>\u001b[0m\u001b[0m,\u001b[0m\n\u001b[0m\u001b[1m\u001b[38;5;12m3691\u001b[0m\u001b[0m \u001b[0m\u001b[0m\u001b[38;5;10m+ \u001b[0m\u001b[0m    pub _dvWeights: u8,\u001b[0m\n\u001b[0m     \u001b[0m\u001b[0m\u001b[1m\u001b[38;5;12m|\u001b[0m\n\n"}
{"$message_type":"diagnostic","message":"type arguments are not allowed on builtin type `u8`","code":{"code":"E0109","explanation":"You tried to provide a generic argument to a type which doesn't need it.\n\nErroneous code example:\n\n```compile_fail,E0109\ntype X = u32<i32>; // error: type arguments are not allowed for this type\ntype Y = bool<'static>; // error: lifetime parameters are not allowed on\n                        //        this type\n```\n\nCheck that you used the correct argument and that the definition is correct.\n\nExample:\n\n```\ntype X = u32; // ok!\ntype Y = bool; // ok!\n```\n\nNote that generic arguments for enum variant constructors go after the variant,\nnot after the enum. For example, you would write `Option::None::<u32>`,\nrather than `Option::<u32>::None`.\n"},"level":"error","spans":[{"file_name":"/root/repo/target/debug/build/opensubdiv-petite-sys-94eeb44b6ce262ab/out/bindings.rs","byte_start":162356,"byte_end":162362,"line_start":3692,"line_end":3692,"column_start":30,"column_end":36,"is_primary":true,"text":[{"text":"    pub _duuWeights: u8<_Tp, _Alloc>,","highlight_start":30,"highlight_end":36}],"label":"type argument not allowed","suggested_replacement":null,"suggestion_applicability":null,"expansion":null},{"file_name":"/root/repo/target/debug/build/opensubdiv-petite-sys-94eeb44b6ce262ab/out/bindings.rs","byte_start":162348,"byte_end":162350,"line_start":3692,"line_end":3692,"column_start":22,"column_end":24,"is_primary":false,"text":[{"text":"    pub _duuWeights: u8<_Tp, _Alloc>,","highlight_start":22,"highlight_end":24}],"label":"not allowed on builtin type `u8`","suggested_replacement":null,"suggestion_applicability":null,"expansion":null},{"file_name":"/root/repo/target/debug/build/opensubdiv-petite-sys-94eeb44b6ce262ab/out/bindings.rs","byte_start":162351,"byte_end":162354,"line_start":3692,"line_end":3692,"column_start":25,"column_end":28,"is_primary":true,"text":[{"text":"    pub _duuWeights: u8<_Tp, _Alloc>,","highlight_start":25,"highlight_end":28}],"label":null,"suggested_replacement":null,"suggestion_applicability":null,"expansion":null}],"children":[{"message":"primitive type `u8` doesn't have generic parameters","code":null,"level":"help","spans":[{"file_name":"/root/repo/target/debug/build/opensubdiv-petite-sys-94eeb44b6ce262ab/out/bindings.rs","byte_start":162350,"byte_end":162363,"line_start":3692,"line_end":3692,"column_start":24,"column_end":37,"is_primary":true,"text":[{"text":"    pub _duuWeights: u8<_Tp, _Alloc>,","highlight_start":24,"highlight_end":37}],"label":null,"suggested_replacement":"","suggestion_applicability":"MaybeIncorrect","expansion":null}],"children":[],"rendered":null}],"rendered":"\u001b[0m\u001b[1m\u001b[38;5;9merror[E0109]\u001b[0m\u001b[0m\u001b[1m: type arguments are not allowed on builtin type `u8`\u001b[0m\n\u001b[0m    \u001b[0m\u001b[0m\u001b[1m\u001b[38;5;12m--> \u001b[0m\u001b[0m/root/repo/target/debug/build/opensubdiv-petite-sys-94eeb44b6ce262ab/out/bindings.rs:3692:25\u001b[0m\n\u001b[0m     \u001b[0m\u001b[0m\u001b[1m\u001b[38;5;12m|\u001b[0m\n\u001b[0m\u001b[1m\u001b[38;5;12m3692\u001b[0m\u001b[0m \u001b[0m\u001b[0m\u001b[1m\u001b[38;5;12m|\u001b[0m\u001b[0m \u001b[0m\u001b[0m    pub _duuWeights: u8<_Tp, _Alloc>,\u001b[0m\n\u001b[0m     \u001b[0m\u001b[0m\u001b[1m\u001b[38;5;12m|\u001b[0m\u001b[0m                      \u001b[0m\u001b[0m\u001b[1m\u001b[38;5;12m--\u001b[0m\u001b[0m \u001b[0m\u001b[0m\u001b[1m\u001b[38;5;9m^^^\u001b[0m\u001b[0m  \u001b[0m\u001b[0m\u001b[1m\u001b[38;5;9m^^^^^^\u001b[0m\u001b[0m \u001b[0m\u001b[0m\u001b[1m\u001b[38;5;9mtype argument not allowed\u001b[0m\n\u001b[0m     \u001b[0m\u001b[0m\u001b[1m\u001b[38;5;12m|\u001b[0m\u001b[0m                      \u001b[0m\u001b[0m\u001b[1m\u001b[38;5;12m|\u001b[0m\n\u001b[0m     \u001b[0m\u001b[0m\u001b[1m\u001b[38;5;12m|\u001b[0m\u001b[0m                      \u001b[0m\u001b[0m\u001b[1m\u001b[38;5;12mnot allowed on builtin type `u8`\u001b[0m\n\u001b[0m     \u001b[0m\u001b[0m\u001b[1m\u001b[38;5;12m|\u001b[0m\n\u001b[0m\u001b[1m\u001b[38;5;14mhelp\u001b[0m\u001b[0m: primitive type `u8` doesn't have generic parameters\u001b[0m\n\u001b[0m     \u001b[0m\u001b[0m\u001b[1m\u001b[38;5;12m|\u001b[0m\n\u001b[0m\u001b[1m\u001b[38;5;12m3692\u001b[0m\u001b[0m \u001b[0m\u001b[0m\u001b[38;5;9m- \u001b[0m\u001b[0m    pub _duuWeights: u8\u001b[0m\u001b[0m\u001b[38;5;9m<_Tp, _Alloc>\u001b[0m\u001b[0m,\u001b[0m\n\u001b[0m\u001b[1m\u001b[38;5;12m3692\u001b[0m\u001b[0m \u001b[0m\u001b[0m\u001b[38;5;10m+ \u001b[0m\u001b[0m    pub _duuWeights: u8,\u001b[0m\n\u001b[0m     \u001b[0m\u001b[0m\u001b[1m\u001b[38;5;12m|\u001b[0m\n\n"}
{"$message_type":"diagnostic","message":"type arguments are not allowed on builtin type `u8`","code":{"code":"E0109","explanation":"You tried to provide a generic argument to a type which doesn't need it.\n\nErroneous code example:\n\n```compile_fail,E0109\ntype X = u32<i32>; // error: type arguments are not allowed for this type\ntype Y = bool<'static>; // error: lifetime parameters are not allowed on\n                        //        this type\n```\n\nCheck that you used the correct argument and that the definition is correct.\n\nExample:\n\n```\ntype X = u32; // ok!\ntype Y = bool; // ok!\n```\n\nNote that generic arguments for enum variant constructors go after the variant,\nnot after the enum. For example, you would write `Option::None::<u32>`,\nrather than `Option::<u32>::None`.\n"},"level":"error","spans":[{"file_name":"/root/repo/target/debug/build/opensubdiv-petite-sys-94eeb44b6ce262ab/out/bindings.rs","byte_start":162394,"byte_end":162400,"line_start":3693,"line_end":3693,"column_start":30,"column_end":36,"is_primary":true,"text":[{"text":"    pub _duvWeights: u8<_Tp, _Alloc>,","highlight_start":30,"highlight_end":36}],"label":"type argument not allowed","suggested_replacement":null,"suggestion_applicability":null,"expansion":null},{"file_name":"/root/repo/target/debug/build/opensubdiv-petite-sys-94eeb44b6ce262ab/out/bindings.rs","byte_start":162386,"byte_end":162388,"line_start":3693,"line_end":3693,"column_start":22,"column_end":24,"is_primary":false,"text":[{"text":"    pub _duvWeights: u8<_Tp, _Alloc>,","highlight_start":22,"highlight_end":24}],"label":"not allowed on builtin type `u8`","suggested_replacement":null,"suggestion_applicability":null,"expansion":null},{"file_name":"/root/repo/target/debug/build/opensubdiv-petite-sys-94eeb44b6ce262ab/out/bindings.rs","byte_start":162389,"byte_end":162392,"line_start":3693,"line_end":3693,"column_start":25,"column_end":28,"is_primary":true,"text":[{"text":"    pub _duvWeights: u8<_Tp, _Alloc>,","highlight_start":25,"highlight_end":28}],"label":null,"suggested_replacement":null,"suggestion_applicability":null,"expansion":null}],"children":[{"message":"primitive type `u8` doesn't have generic parameters","code":null,"level":"help","spans":[{"file_name":"/root/repo/target/debug/build/opensubdiv-petite-sys-94eeb44b6ce262ab/out/bindings.rs","byte_start":162388,"byte_end":162401,"line_start":3693,"line_end":3693,"column_start":24,"column_end":37,"is_primary":true,"text":[{"text":"    pub _duvWeights: u8<_Tp, _Alloc>,","highlight_start":24,"highlight_end":37}],"label":null,"suggested_replacement":"","suggestion_applicability":"MaybeIncorrect","expansion":null}],"children":[],"rendered":null}],"rendered":"\u001b[0m\u001b[1m\u001b[38;5;9merror[E0109]\u001b[0m\u001b[0m\u001b[1m: type arguments are not allowed on builtin type `u8`\u001b[0m\n\u001b[0m    \u001b[0m\u001b[0m\u001b[1m\u001b[38;5;12m--> \u001b[0m\u001b[0m/root/repo/target/debug/build/opensubdiv-petite-sys-94eeb44b6ce262ab/out/bindings.rs:3693:25\u001b[0m\n\u001b[0m     \u001b[0m\u001b[0m\u001b[1m\u001b[38;5;12m|\u001b[0m\n\u001b[0m\u001b[1m\u001b[38;5;12m3693\u001b[0m\u001b[0m \u001b[0m\u001b[0m\u001b[1m\u001b[38;5;12m|\u001b[0m\u001b[0m \u001b[0m\u001b[0m    pub _duvWeights: u8<_Tp, _Alloc>,\u001b[0m\n\u001b[0m     \u001b[0m\u001b[0m\u001b[1m\u001b[38;5;12m|\u001b[0m\u001b[0m                      \u001b[0m\u001b[0m\u001b[1m\u001b[38;5;12m--\u001b[0m\u001b[0m \u001b[0m\u001b[0m\u001b[1m\u001b[38;5;9m^^^\u001b[0m\u001b[0m  \u001b[0m\u001b[0m\u001b[1m\u001b[38;5;9m^^^^^^\u001b[0m\u001b[0m \u001b[0m\u001b[0m\u001b[1m\u001b[38;5;9mtype argument not allowed\u001b[0m\n\u001b[0m     \u001b[0m\u001b[0m\u001b[1m\u001b[38;5;12m|\u001b[0m\u001b[0m                      \u001b[0m\u001b[0m\u001b[1m\u001b[38;5;12m|\u001b[0m\n\u001b[0m     \u001b[0m\u001b[0m\u001b[1m\u001b[38;5;12m|\u001b[0m\u001b[0m                      \u001b[0m\u001b[0m\u001b[1m\u001b[38;5;12mnot allowed on builtin type `u8`\u001b[0m\n\u001b[0m     \u001b[0m\u001b[0m\u001b[1m\u001b[38;5;12m|\u001b[0m\n\u001b[0m\u001b[1m\u001b[38;5;14mhelp\u001b[0m\u001b[0m: primitive type `u8` doesn't have generic parameters\u001b[0m\n\u001b[0m     \u001b[0m\u001b[0m\u001b[1m\u001b[38;5;12m|\u001b[0m\n\u001b[0m\u001b[1m\u001b[38;5;12m3693\u001b[0m\u001b[0m \u001b[0m\u001b[0m\u001b[38;5;9m- \u001b[0m\u001b[0m    pub _duvWeights: u8\u001b[0m\u001b[0m\u001b[38;5;9m<_Tp, _Alloc>\u001b[0m\u001b[0m,\u001b[0m\n\u001b[0m\u001b[1m\u001b[38;5;12m3693\u001b[0m\u001b[0m \u001b[0m\u001b[0m\u001b[38;5;10m+ \u001b[0m\u001b[0m    pub _duvWeights: u8,\u001b[0m\n\u001b[0m     \u001b[0m\u001b[0m\u001b[1m\u001b[38;5;12m|\u001b[0m\n\n"}
{"$message_type":"diagnostic","message":"type arguments are not allowed on builtin type `u8`","code":{"code":"E0109","explanation":"You tried to provide a generic argument to a type which doesn't need it.\n\nErroneous code example:\n\n```compile_fail,E0109\ntype X = u32<i32>; // error: type arguments are not allowed for this type\ntype Y = bool<'static>; // error: lifetime parameters are not allowed on\n                        //        this type\n```\n\nCheck that you used the correct argument and that the definition is correct.\n\nExample:\n\n```\ntype X = u32; // ok!\ntype Y = bool; // ok!\n```\n\nNote that generic arguments for enum variant constructors go after the variant,\nnot after the enum. For example, you would write `Option::None::<u32>`,\nrather than `Option::<u32>::None`.\n"},"level":"error","spans":[{"file_name":"/root/repo/target/debug/build/opensubdiv-petite-sys-94eeb44b6ce262ab/out/bindings.rs","byte_start":162432,"byte_end":162438,"line_start":3694,"line_end":3694,"column_start":30,"column_end":36,"is_primary":true,"text":[{"text":"    pub _dvvWeights: u8<_Tp, _Alloc>,","highlight_start":30,"highlight_end":36}],"label":"type argument not allowed","suggested_replacement":null,"suggestion_applicability":null,"expansion":null},{"file_name":"/root/repo/target/debug/build/opensubdiv-petite-sys-94eeb44b6ce262ab/out/bindings.rs","byte_start":162424,"byte_end":162426,"line_start":3694,"line_end":3694,"column_start":22,"column_end":24,"is_primary":false,"text":[{"text":"    pub _dvvWeights: u8<_Tp, _Alloc>,","highlight_start":22,"highlight_end":24}],"label":"not allowed on builtin type `u8`","suggested_replacement":null,"suggestion_applicability":null,"expansion":null},{"file_name":"/root/repo/target/debug/build/opensubdiv-petite-sys-94eeb44b6ce262ab/out/bindings.rs","byte_start":162427,"byte_end":162430,"line_start":3694,"line_end":3694,"column_start":25,"column_end":28,"is_primary":true,"text":[{"text":"    pub _dvvWeights: u8<_Tp, _Alloc>,","highlight_start":25,"highlight_end":28}],"label":null,"suggested_replacement":null,"suggestion_applicability":null,"expansion":null}],"children":[{"message":"primitive type `u8` doesn't have generic parameters","code":null,"level":"help","spans":[{"file_name":"/root/repo/target/debug/build/opensubdiv-petite-sys-94eeb44b6ce262ab/out/bindings.rs","byte_start":162426,"byte_end":162439,"line_start":3694,"line_end":3694,"column_start":24,"column_end":37,"is_primary":true,"text":[{"text":"    pub _dvvWeights: u8<_Tp, _Alloc>,","highlight_start":24,"highlight_end":37}],"label":null,"suggested_replacement":"","suggestion_applicability":"MaybeIncorrect","expansion":null}],"children":[],"rendered":null}],"rendered":"\u001b[0m\u001b[1m\u001b[38;5;9merror[E0109]\u001b[0m\u001b[0m\u001b[1m: type arguments are not allowed on builtin type `u8`\u001b[0m\n\u001b[0m    \u001b[0m\u001b[0m\u001b[1m\u001b[38;5;12m--> \u001b[0m\u001b[0m/root/repo/target/debug/build/opensubdiv-petite-sys-94eeb44b6ce262ab/out/bindings.rs:3694:25\u001b[0m\n\u001b[0m     \u001b[0m\u001b[0m\u001b[1m\u001b[38;5;12m|\u001b[0m\n\u001b[0m\u001b[1m\u001b[38;5;12m3694\u001b[0m\u001b[0m \u001b[0m\u001b[0m\u001b[1m\u001b[38;5;12m|\u001b[0m\u001b[0m \u001b[0m\u001b[0m    pub _dvvWeights: u8<_Tp, _Alloc>,\u001b[0m\n\u001b[0m     \u001b[0m\u001b[0m\u001b[1m\u001b[38;5;12m|\u001b[0m\u001b[0m                      \u001b[0m\u001b[0m\u001b[1m\u001b[38;5;12m--\u001b[0m\u001b[0m \u001b[0m\u001b[0m\u001b[1m\u001b[38;5;9m^^^\u001b[0m\u001b[0m  \u001b[0m\u001b[0m\u001b[1m\u001b[38;5;9m^^^^^^\u001b[0m\u001b[0m \u001b[0m\u001b[0m\u001b[1m\u001b[38;5;9mtype argument not allowed\u001b[0m\n\u001b[0m     \u001b[0m\u001b[0m\u001b[1m\u001b[38;5;12m|\u001b[0m\u001b[0m                      \u001b[0m\u001b[0m\u001b[1m\u001b[38;5;12m|\u001b[0m\n\u001b[0m     \u001b[0m\u001b[0m\u001b[1m\u001b[38;5;12m|\u001b[0m\u001b[0m                      \u001b[0m\u001b[0m\u001b[1m\u001b[38;5;12mnot allowed on builtin type `u8`\u001b[0m\n\u001b[0m     \u001b[0m\u001b[0m\u001b[1m\u001b[38;5;12m|\u001b[0m\n\u001b[0m\u001b[1m\u001b[38;5;14mhelp\u001b[0m\u001b[0m: primitive type `u8` doesn't have generic parameters\u001b[0m\n\u001b[0m     \u001b[0m\u001b[0m\u001b[1m\u001b[38;5;12m|\u001b[0m\n\u001b[0m\u001b[1m\u001b[38;5;12m3694\u001b[0m\u001b[0m \u001b[0m\u001b[0m\u001b[38;5;9m- \u001b[0m\u001b[0m    pub _dvvWeights: u8\u001b[0m\u001b[0m\u001b[38;5;9m<_Tp, _Alloc>\u001b[0m\u001b[0m,\u001b[0m\n\u001b[0m\u001b[1m\u001b[38;5;12m3694\u001b[0m\u001b[0m \u001b[0m\u001b[0m\u001b[38;5;10m+ \u001b[0m\u001b[0m    pub _dvvWeights: u8,\u001b[0m\n\u001b[0m     \u001b[0m\u001b[0m\u001b[1m\u001b[38;5;12m|\u001b[0m\n\n"}
{"$message_type":"diagnostic","message":"aborting due to 18 previous errors","code":null,"level":"error","spans":[],"children":[],"rendered":"\u001b[0m\u001b[1m\u001b[38;5;9merror\u001b[0m\u001b[0m\u001b[1m: aborting due to 18 previous errors\u001b[0m\n\n"}
{"$message_type":"diagnostic","message":"Some errors have detailed explanations: E0109, E0412.","code":null,"level":"failure-note","spans":[],"children":[],"rendered":"\u001b[0m\u001b[1mSome errors have detailed explanations: E0109, E0412.\u001b[0m\n"}
{"$message_type":"diagnostic","message":"For more information about an error, try `rustc --explain E0109`.","code":null,"level":"failure-note","spans":[],"children":[],"rendered":"\u001b[0m\u001b[1mFor more information about an error, try `rustc --explain E0109`.\u001b[0m\n"}
